2017-04-19 18:19:18,330 [DEBUG] org.apache.http.client.protocol.RequestAddCookies  - CookieSpec selected: default
2017-04-19 18:19:18,346 [DEBUG] org.apache.http.client.protocol.RequestAuthCache  - Auth cache not set in the context
2017-04-19 18:19:18,347 [DEBUG] org.apache.http.impl.conn.PoolingHttpClientConnectionManager  - Connection request: [route: {}->http://www.webapi.ccroom.com.cn:8033][total kept alive: 0; route allocated: 0 of 2; total allocated: 0 of 20]
2017-04-19 18:19:18,368 [DEBUG] org.apache.http.impl.conn.PoolingHttpClientConnectionManager  - Connection leased: [id: 0][route: {}->http://www.webapi.ccroom.com.cn:8033][total kept alive: 0; route allocated: 1 of 2; total allocated: 1 of 20]
2017-04-19 18:19:18,370 [DEBUG] org.apache.http.impl.execchain.MainClientExec  - Opening connection {}->http://www.webapi.ccroom.com.cn:8033
2017-04-19 18:19:18,413 [DEBUG] org.apache.http.impl.conn.DefaultHttpClientConnectionOperator  - Connecting to www.webapi.ccroom.com.cn/182.61.57.151:8033
2017-04-19 18:19:18,463 [DEBUG] org.apache.http.impl.conn.DefaultHttpClientConnectionOperator  - Connection established 192.168.111.160:59852<->182.61.57.151:8033
2017-04-19 18:19:18,464 [DEBUG] org.apache.http.impl.execchain.MainClientExec  - Executing request GET /userBaseData/GetUserBaseData?id=33031&appid=679636&sign=259123ded2f5ba1b578f2d76ba75f8ba HTTP/1.1
2017-04-19 18:19:18,464 [DEBUG] org.apache.http.impl.execchain.MainClientExec  - Target auth state: UNCHALLENGED
2017-04-19 18:19:18,464 [DEBUG] org.apache.http.impl.execchain.MainClientExec  - Proxy auth state: UNCHALLENGED
2017-04-19 18:19:18,466 [DEBUG] org.apache.http.headers  - http-outgoing-0 >> GET /userBaseData/GetUserBaseData?id=33031&appid=679636&sign=259123ded2f5ba1b578f2d76ba75f8ba HTTP/1.1
2017-04-19 18:19:18,466 [DEBUG] org.apache.http.headers  - http-outgoing-0 >> Host: www.webapi.ccroom.com.cn:8033
2017-04-19 18:19:18,466 [DEBUG] org.apache.http.headers  - http-outgoing-0 >> Connection: Keep-Alive
2017-04-19 18:19:18,466 [DEBUG] org.apache.http.headers  - http-outgoing-0 >> User-Agent: Apache-HttpClient/4.5.1 (Java/1.6.0_31)
2017-04-19 18:19:18,466 [DEBUG] org.apache.http.headers  - http-outgoing-0 >> Accept-Encoding: gzip,deflate
2017-04-19 18:19:18,466 [DEBUG] org.apache.http.wire  - http-outgoing-0 >> "GET /userBaseData/GetUserBaseData?id=33031&appid=679636&sign=259123ded2f5ba1b578f2d76ba75f8ba HTTP/1.1[\r][\n]"
2017-04-19 18:19:18,466 [DEBUG] org.apache.http.wire  - http-outgoing-0 >> "Host: www.webapi.ccroom.com.cn:8033[\r][\n]"
2017-04-19 18:19:18,466 [DEBUG] org.apache.http.wire  - http-outgoing-0 >> "Connection: Keep-Alive[\r][\n]"
2017-04-19 18:19:18,466 [DEBUG] org.apache.http.wire  - http-outgoing-0 >> "User-Agent: Apache-HttpClient/4.5.1 (Java/1.6.0_31)[\r][\n]"
2017-04-19 18:19:18,466 [DEBUG] org.apache.http.wire  - http-outgoing-0 >> "Accept-Encoding: gzip,deflate[\r][\n]"
2017-04-19 18:19:18,467 [DEBUG] org.apache.http.wire  - http-outgoing-0 >> "[\r][\n]"
2017-04-19 18:19:18,520 [DEBUG] org.apache.http.wire  - http-outgoing-0 << "HTTP/1.1 200 OK[\r][\n]"
2017-04-19 18:19:18,520 [DEBUG] org.apache.http.wire  - http-outgoing-0 << "Cache-Control: no-cache[\r][\n]"
2017-04-19 18:19:18,520 [DEBUG] org.apache.http.wire  - http-outgoing-0 << "Pragma: no-cache[\r][\n]"
2017-04-19 18:19:18,520 [DEBUG] org.apache.http.wire  - http-outgoing-0 << "Content-Type: application/json; charset=utf-8[\r][\n]"
2017-04-19 18:19:18,520 [DEBUG] org.apache.http.wire  - http-outgoing-0 << "Expires: -1[\r][\n]"
2017-04-19 18:19:18,520 [DEBUG] org.apache.http.wire  - http-outgoing-0 << "Server: Microsoft-IIS/8.5[\r][\n]"
2017-04-19 18:19:18,520 [DEBUG] org.apache.http.wire  - http-outgoing-0 << "X-AspNet-Version: 4.0.30319[\r][\n]"
2017-04-19 18:19:18,520 [DEBUG] org.apache.http.wire  - http-outgoing-0 << "X-Powered-By: ASP.NET[\r][\n]"
2017-04-19 18:19:18,520 [DEBUG] org.apache.http.wire  - http-outgoing-0 << "Date: Wed, 19 Apr 2017 10:19:20 GMT[\r][\n]"
2017-04-19 18:19:18,520 [DEBUG] org.apache.http.wire  - http-outgoing-0 << "Content-Length: 365[\r][\n]"
2017-04-19 18:19:18,521 [DEBUG] org.apache.http.wire  - http-outgoing-0 << "[\r][\n]"
2017-04-19 18:19:18,521 [DEBUG] org.apache.http.wire  - http-outgoing-0 << ""[{\"userinfo\":[{\"uuid\":33031},{\"username\":\"test001\"},{\"truename\":\"test001\"},{\"nickname\":\"test001\"},{\"sex\":\"[0xe5][0xa5][0xb3]\"},{\"rolename\":\"[0xe6][0x95][0x99][0xe5][0xb8][0x88]\"},{\"termname\":\"\"},{\"areacode\":\"610103\"},{\"areaname\":\"[0xe7][0xa2][0x91][0xe6][0x9e][0x97][0xe5][0x8c][0xba]\"},{\"schoolname\":\"\"}]},{\"timestamp\":\"1492597160\"},{\"code\":\"ok\"},{\"sign\":\"3acbf03160022157\"},{\"message\":\"[0xe6][0x88][0x90][0xe5][0x8a][0x9f]\"}]""
2017-04-19 18:19:18,523 [DEBUG] org.apache.http.headers  - http-outgoing-0 << HTTP/1.1 200 OK
2017-04-19 18:19:18,523 [DEBUG] org.apache.http.headers  - http-outgoing-0 << Cache-Control: no-cache
2017-04-19 18:19:18,523 [DEBUG] org.apache.http.headers  - http-outgoing-0 << Pragma: no-cache
2017-04-19 18:19:18,523 [DEBUG] org.apache.http.headers  - http-outgoing-0 << Content-Type: application/json; charset=utf-8
2017-04-19 18:19:18,523 [DEBUG] org.apache.http.headers  - http-outgoing-0 << Expires: -1
2017-04-19 18:19:18,523 [DEBUG] org.apache.http.headers  - http-outgoing-0 << Server: Microsoft-IIS/8.5
2017-04-19 18:19:18,523 [DEBUG] org.apache.http.headers  - http-outgoing-0 << X-AspNet-Version: 4.0.30319
2017-04-19 18:19:18,523 [DEBUG] org.apache.http.headers  - http-outgoing-0 << X-Powered-By: ASP.NET
2017-04-19 18:19:18,523 [DEBUG] org.apache.http.headers  - http-outgoing-0 << Date: Wed, 19 Apr 2017 10:19:20 GMT
2017-04-19 18:19:18,523 [DEBUG] org.apache.http.headers  - http-outgoing-0 << Content-Length: 365
2017-04-19 18:19:18,526 [DEBUG] org.apache.http.impl.execchain.MainClientExec  - Connection can be kept alive indefinitely
2017-04-19 18:19:18,531 [DEBUG] org.apache.http.impl.conn.PoolingHttpClientConnectionManager  - Connection [id: 0][route: {}->http://www.webapi.ccroom.com.cn:8033] can be kept alive indefinitely
2017-04-19 18:19:18,532 [DEBUG] org.apache.http.impl.conn.PoolingHttpClientConnectionManager  - Connection released: [id: 0][route: {}->http://www.webapi.ccroom.com.cn:8033][total kept alive: 1; route allocated: 1 of 2; total allocated: 1 of 20]
